0 info it worked if it ends with ok
1 verbose cli [ 'node',
1 verbose cli   '/usr/local/bin/npm',
1 verbose cli   'install',
1 verbose cli   '-g',
1 verbose cli   'karma-junit-reporter',
1 verbose cli   '--save-dev' ]
2 info using npm@1.3.9
3 info using node@v0.8.7
4 verbose cache add [ 'karma-junit-reporter', null ]
5 verbose cache add name=undefined spec="karma-junit-reporter" args=["karma-junit-reporter",null]
6 verbose parsed url { pathname: 'karma-junit-reporter',
6 verbose parsed url   path: 'karma-junit-reporter',
6 verbose parsed url   href: 'karma-junit-reporter' }
7 silly lockFile 86dd30d2-karma-junit-reporter karma-junit-reporter
8 verbose lock karma-junit-reporter /Users/larry/.npm/86dd30d2-karma-junit-reporter.lock
9 silly lockFile 86dd30d2-karma-junit-reporter karma-junit-reporter
10 silly lockFile 86dd30d2-karma-junit-reporter karma-junit-reporter
11 verbose addNamed [ 'karma-junit-reporter', '' ]
12 verbose addNamed [ null, '*' ]
13 silly lockFile 5bad7edb-karma-junit-reporter karma-junit-reporter@
14 verbose lock karma-junit-reporter@ /Users/larry/.npm/5bad7edb-karma-junit-reporter.lock
15 silly addNameRange { name: 'karma-junit-reporter', range: '*', hasData: false }
16 verbose url raw karma-junit-reporter
17 verbose url resolving [ 'https://registry.npmjs.org/', './karma-junit-reporter' ]
18 verbose url resolved https://registry.npmjs.org/karma-junit-reporter
19 info trying registry request attempt 1 at 22:56:10
20 http GET https://registry.npmjs.org/karma-junit-reporter
21 http 200 https://registry.npmjs.org/karma-junit-reporter
22 silly registry.get cb [ 200,
22 silly registry.get   { vary: 'Accept',
22 silly registry.get     server: 'CouchDB/1.3.1 (Erlang OTP/R15B03)',
22 silly registry.get     etag: '"EHIJ530HCKQGZMWB89DEDZNWF"',
22 silly registry.get     date: 'Sat, 09 Nov 2013 11:56:13 GMT',
22 silly registry.get     'content-type': 'application/json',
22 silly registry.get     'content-length': '5811' } ]
23 silly addNameRange number 2 { name: 'karma-junit-reporter', range: '*', hasData: true }
24 silly addNameRange versions [ 'karma-junit-reporter', [ '0.0.1', '0.0.2', '0.1.0' ] ]
25 verbose addNamed [ 'karma-junit-reporter', '0.1.0' ]
26 verbose addNamed [ '0.1.0', '0.1.0' ]
27 silly lockFile 2a5233ce-karma-junit-reporter-0-1-0 karma-junit-reporter@0.1.0
28 verbose lock karma-junit-reporter@0.1.0 /Users/larry/.npm/2a5233ce-karma-junit-reporter-0-1-0.lock
29 silly lockFile d1d7c173-r-karma-junit-reporter-0-1-0-tgz https://registry.npmjs.org/karma-junit-reporter/-/karma-junit-reporter-0.1.0.tgz
30 verbose lock https://registry.npmjs.org/karma-junit-reporter/-/karma-junit-reporter-0.1.0.tgz /Users/larry/.npm/d1d7c173-r-karma-junit-reporter-0-1-0-tgz.lock
31 verbose addRemoteTarball [ 'https://registry.npmjs.org/karma-junit-reporter/-/karma-junit-reporter-0.1.0.tgz',
31 verbose addRemoteTarball   '7af72b64d7e9f192d1a40f4ef063ffbcf9e7bba5' ]
32 info retry fetch attempt 1 at 22:56:13
33 verbose fetch to= /var/folders/v0/3fqf75zn5x13361syf12cfdr0000gn/T/npm-10509-kxfTMWoJ/1383998173606-0.41478034015744925/tmp.tgz
34 http GET https://registry.npmjs.org/karma-junit-reporter/-/karma-junit-reporter-0.1.0.tgz
35 http 200 https://registry.npmjs.org/karma-junit-reporter/-/karma-junit-reporter-0.1.0.tgz
36 verbose tar unpack /var/folders/v0/3fqf75zn5x13361syf12cfdr0000gn/T/npm-10509-kxfTMWoJ/1383998173606-0.41478034015744925/tmp.tgz
37 silly lockFile 665ed2aa-3606-0-41478034015744925-package tar:///var/folders/v0/3fqf75zn5x13361syf12cfdr0000gn/T/npm-10509-kxfTMWoJ/1383998173606-0.41478034015744925/package
38 verbose lock tar:///var/folders/v0/3fqf75zn5x13361syf12cfdr0000gn/T/npm-10509-kxfTMWoJ/1383998173606-0.41478034015744925/package /Users/larry/.npm/665ed2aa-3606-0-41478034015744925-package.lock
39 silly lockFile 9786d909-3606-0-41478034015744925-tmp-tgz tar:///var/folders/v0/3fqf75zn5x13361syf12cfdr0000gn/T/npm-10509-kxfTMWoJ/1383998173606-0.41478034015744925/tmp.tgz
40 verbose lock tar:///var/folders/v0/3fqf75zn5x13361syf12cfdr0000gn/T/npm-10509-kxfTMWoJ/1383998173606-0.41478034015744925/tmp.tgz /Users/larry/.npm/9786d909-3606-0-41478034015744925-tmp-tgz.lock
41 silly gunzTarPerm modes [ '755', '644' ]
42 silly gunzTarPerm extractEntry package.json
43 silly gunzTarPerm extractEntry README.md
44 silly gunzTarPerm extractEntry LICENSE
45 silly gunzTarPerm extractEntry index.js
46 silly lockFile 665ed2aa-3606-0-41478034015744925-package tar:///var/folders/v0/3fqf75zn5x13361syf12cfdr0000gn/T/npm-10509-kxfTMWoJ/1383998173606-0.41478034015744925/package
47 silly lockFile 665ed2aa-3606-0-41478034015744925-package tar:///var/folders/v0/3fqf75zn5x13361syf12cfdr0000gn/T/npm-10509-kxfTMWoJ/1383998173606-0.41478034015744925/package
48 silly lockFile 9786d909-3606-0-41478034015744925-tmp-tgz tar:///var/folders/v0/3fqf75zn5x13361syf12cfdr0000gn/T/npm-10509-kxfTMWoJ/1383998173606-0.41478034015744925/tmp.tgz
49 silly lockFile 9786d909-3606-0-41478034015744925-tmp-tgz tar:///var/folders/v0/3fqf75zn5x13361syf12cfdr0000gn/T/npm-10509-kxfTMWoJ/1383998173606-0.41478034015744925/tmp.tgz
50 verbose tar pack [ '/Users/larry/.npm/karma-junit-reporter/0.1.0/package.tgz',
50 verbose tar pack   '/var/folders/v0/3fqf75zn5x13361syf12cfdr0000gn/T/npm-10509-kxfTMWoJ/1383998173606-0.41478034015744925/package' ]
51 verbose tarball /Users/larry/.npm/karma-junit-reporter/0.1.0/package.tgz
52 verbose folder /var/folders/v0/3fqf75zn5x13361syf12cfdr0000gn/T/npm-10509-kxfTMWoJ/1383998173606-0.41478034015744925/package
53 silly lockFile 665ed2aa-3606-0-41478034015744925-package tar:///var/folders/v0/3fqf75zn5x13361syf12cfdr0000gn/T/npm-10509-kxfTMWoJ/1383998173606-0.41478034015744925/package
54 verbose lock tar:///var/folders/v0/3fqf75zn5x13361syf12cfdr0000gn/T/npm-10509-kxfTMWoJ/1383998173606-0.41478034015744925/package /Users/larry/.npm/665ed2aa-3606-0-41478034015744925-package.lock
55 silly lockFile c3a39673-junit-reporter-0-1-0-package-tgz tar:///Users/larry/.npm/karma-junit-reporter/0.1.0/package.tgz
56 verbose lock tar:///Users/larry/.npm/karma-junit-reporter/0.1.0/package.tgz /Users/larry/.npm/c3a39673-junit-reporter-0-1-0-package-tgz.lock
57 silly lockFile 665ed2aa-3606-0-41478034015744925-package tar:///var/folders/v0/3fqf75zn5x13361syf12cfdr0000gn/T/npm-10509-kxfTMWoJ/1383998173606-0.41478034015744925/package
58 silly lockFile 665ed2aa-3606-0-41478034015744925-package tar:///var/folders/v0/3fqf75zn5x13361syf12cfdr0000gn/T/npm-10509-kxfTMWoJ/1383998173606-0.41478034015744925/package
59 silly lockFile c3a39673-junit-reporter-0-1-0-package-tgz tar:///Users/larry/.npm/karma-junit-reporter/0.1.0/package.tgz
60 silly lockFile c3a39673-junit-reporter-0-1-0-package-tgz tar:///Users/larry/.npm/karma-junit-reporter/0.1.0/package.tgz
61 silly lockFile 1c31a052-rma-junit-reporter-0-1-0-package /Users/larry/.npm/karma-junit-reporter/0.1.0/package
62 verbose lock /Users/larry/.npm/karma-junit-reporter/0.1.0/package /Users/larry/.npm/1c31a052-rma-junit-reporter-0-1-0-package.lock
63 silly lockFile 1c31a052-rma-junit-reporter-0-1-0-package /Users/larry/.npm/karma-junit-reporter/0.1.0/package
64 silly lockFile 1c31a052-rma-junit-reporter-0-1-0-package /Users/larry/.npm/karma-junit-reporter/0.1.0/package
65 verbose tar unpack /Users/larry/.npm/karma-junit-reporter/0.1.0/package.tgz
66 silly lockFile 033bcb3b-rma-junit-reporter-0-1-0-package tar:///Users/larry/.npm/karma-junit-reporter/0.1.0/package
67 verbose lock tar:///Users/larry/.npm/karma-junit-reporter/0.1.0/package /Users/larry/.npm/033bcb3b-rma-junit-reporter-0-1-0-package.lock
68 silly lockFile c3a39673-junit-reporter-0-1-0-package-tgz tar:///Users/larry/.npm/karma-junit-reporter/0.1.0/package.tgz
69 verbose lock tar:///Users/larry/.npm/karma-junit-reporter/0.1.0/package.tgz /Users/larry/.npm/c3a39673-junit-reporter-0-1-0-package-tgz.lock
70 silly gunzTarPerm modes [ '755', '644' ]
71 silly gunzTarPerm extractEntry package.json
72 silly gunzTarPerm extractEntry README.md
73 silly gunzTarPerm extractEntry LICENSE
74 silly gunzTarPerm extractEntry index.js
75 silly lockFile 033bcb3b-rma-junit-reporter-0-1-0-package tar:///Users/larry/.npm/karma-junit-reporter/0.1.0/package
76 silly lockFile 033bcb3b-rma-junit-reporter-0-1-0-package tar:///Users/larry/.npm/karma-junit-reporter/0.1.0/package
77 silly lockFile c3a39673-junit-reporter-0-1-0-package-tgz tar:///Users/larry/.npm/karma-junit-reporter/0.1.0/package.tgz
78 silly lockFile c3a39673-junit-reporter-0-1-0-package-tgz tar:///Users/larry/.npm/karma-junit-reporter/0.1.0/package.tgz
79 verbose chmod /Users/larry/.npm/karma-junit-reporter/0.1.0/package.tgz 644
80 verbose chown /Users/larry/.npm/karma-junit-reporter/0.1.0/package.tgz [ 501, 20 ]
81 silly lockFile d1d7c173-r-karma-junit-reporter-0-1-0-tgz https://registry.npmjs.org/karma-junit-reporter/-/karma-junit-reporter-0.1.0.tgz
82 silly lockFile d1d7c173-r-karma-junit-reporter-0-1-0-tgz https://registry.npmjs.org/karma-junit-reporter/-/karma-junit-reporter-0.1.0.tgz
83 silly lockFile 2a5233ce-karma-junit-reporter-0-1-0 karma-junit-reporter@0.1.0
84 silly lockFile 2a5233ce-karma-junit-reporter-0-1-0 karma-junit-reporter@0.1.0
85 silly lockFile 5bad7edb-karma-junit-reporter karma-junit-reporter@
86 silly lockFile 5bad7edb-karma-junit-reporter karma-junit-reporter@
87 silly resolved [ { name: 'karma-junit-reporter',
87 silly resolved     version: '0.1.0',
87 silly resolved     description: 'A Karma plugin. Report results in junit xml format.',
87 silly resolved     main: 'index.js',
87 silly resolved     scripts: { test: 'echo "Error: no test specified" && exit 1' },
87 silly resolved     repository:
87 silly resolved      { type: 'git',
87 silly resolved        url: 'git://github.com/karma-runner/karma-junit-reporter.git' },
87 silly resolved     keywords: [ 'karma-plugin', 'karma-reporter', 'junit' ],
87 silly resolved     author: { name: 'Vojta Jina', email: 'vojta.jina@gmail.com' },
87 silly resolved     dependencies: { xmlbuilder: '0.4.2' },
87 silly resolved     peerDependencies: { karma: '>=0.9' },
87 silly resolved     license: 'MIT',
87 silly resolved     devDependencies:
87 silly resolved      { grunt: '~0.4.1',
87 silly resolved        'grunt-npm': '~0.0.2',
87 silly resolved        'grunt-bump': '~0.0.7',
87 silly resolved        'grunt-auto-release': '~0.0.2' },
87 silly resolved     contributors: [ [Object], [Object] ],
87 silly resolved     readme: '# karma-junit-reporter\n\n> Reporter for the JUnit XML format.\n\n## Installation\n\nThe easiest way is to keep `karma-junit-reporter` as a devDependency in your `package.json`.\n```json\n{\n  "devDependencies": {\n    "karma": "~0.10",\n    "karma-junit-reporter": "~0.1"\n  }\n}\n```\n\nYou can simple do it by:\n```bash\nnpm install karma-junit-reporter --save-dev\n```\n\n## Configuration\n```js\n// karma.conf.js\nmodule.exports = function(config) {\n  config.set({\n    reporters: [\'progress\', \'junit\'],\n\n    // the default configuration\n    junitReporter: {\n      outputFile: \'test-results.xml\',\n      suite: \'\'\n    }\n  });\n};\n```\n\nYou can pass list of reporters as a CLI argument too:\n```bash\nkarma start --reporters junit,dots\n```\n\n----\n\nFor more information on Karma see the [homepage].\n\n\n[homepage]: http://karma-runner.github.com\n',
87 silly resolved     readmeFilename: 'README.md',
87 silly resolved     bugs: { url: 'https://github.com/karma-runner/karma-junit-reporter/issues' },
87 silly resolved     _id: 'karma-junit-reporter@0.1.0',
87 silly resolved     dist: { shasum: 'c61d21f34d824f9e7f77c33fc34d94af04cf95a1' },
87 silly resolved     _from: 'karma-junit-reporter@',
87 silly resolved     _resolved: 'https://registry.npmjs.org/karma-junit-reporter/-/karma-junit-reporter-0.1.0.tgz' } ]
88 info install karma-junit-reporter@0.1.0 into /usr/local/lib
89 info installOne karma-junit-reporter@0.1.0
90 info /usr/local/lib/node_modules/karma-junit-reporter unbuild
91 verbose tar unpack /Users/larry/.npm/karma-junit-reporter/0.1.0/package.tgz
92 silly lockFile 16d60531-ode-modules-karma-junit-reporter tar:///usr/local/lib/node_modules/karma-junit-reporter
93 verbose lock tar:///usr/local/lib/node_modules/karma-junit-reporter /Users/larry/.npm/16d60531-ode-modules-karma-junit-reporter.lock
94 silly lockFile c3a39673-junit-reporter-0-1-0-package-tgz tar:///Users/larry/.npm/karma-junit-reporter/0.1.0/package.tgz
95 verbose lock tar:///Users/larry/.npm/karma-junit-reporter/0.1.0/package.tgz /Users/larry/.npm/c3a39673-junit-reporter-0-1-0-package-tgz.lock
96 silly gunzTarPerm modes [ '755', '644' ]
97 error Error: EACCES, mkdir '/usr/local/lib/node_modules/karma-junit-reporter'
97 error  { [Error: EACCES, mkdir '/usr/local/lib/node_modules/karma-junit-reporter']
97 error   errno: 3,
97 error   code: 'EACCES',
97 error   path: '/usr/local/lib/node_modules/karma-junit-reporter',
97 error   fstream_type: 'Directory',
97 error   fstream_path: '/usr/local/lib/node_modules/karma-junit-reporter',
97 error   fstream_class: 'DirWriter',
97 error   fstream_stack:
97 error    [ 'DirWriter._create (/usr/local/lib/node_modules/npm/node_modules/fstream/lib/dir-writer.js:36:23)',
97 error      '/usr/local/lib/node_modules/npm/node_modules/mkdirp/index.js:37:53',
97 error      'Object.oncomplete (fs.js:297:15)' ] }
98 error Please try running this command again as root/Administrator.
99 error System Darwin 12.5.0
100 error command "node" "/usr/local/bin/npm" "install" "-g" "karma-junit-reporter" "--save-dev"
101 error cwd /Users/larry/angular-in-action/ch02
102 error node -v v0.8.7
103 error npm -v 1.3.9
104 error path /usr/local/lib/node_modules/karma-junit-reporter
105 error fstream_path /usr/local/lib/node_modules/karma-junit-reporter
106 error fstream_type Directory
107 error fstream_class DirWriter
108 error code EACCES
109 error errno 3
110 error stack Error: EACCES, mkdir '/usr/local/lib/node_modules/karma-junit-reporter'
111 error fstream_stack DirWriter._create (/usr/local/lib/node_modules/npm/node_modules/fstream/lib/dir-writer.js:36:23)
111 error fstream_stack /usr/local/lib/node_modules/npm/node_modules/mkdirp/index.js:37:53
111 error fstream_stack Object.oncomplete (fs.js:297:15)
112 verbose exit [ 3, true ]
